<?xml version="1.0" encoding="UTF-8"?>
<testsuite xmlns:xsi="http://www.w3.org/2001/XMLSchema-instance" xsi:noNamespaceSchemaLocation="https://maven.apache.org/surefire/maven-surefire-plugin/xsd/surefire-test-report.xsd" version="3.0.2" name="com.sunglassstore.service.CommunicationPreferenceServiceImplTest" time="0.125" tests="3" errors="0" skipped="0" failures="0" flakes="0">
  <properties>
[...]
</properties>
  <testcase name="updatePersistsEveryExplicitChoice" classname="com.sunglassstore.service.CommunicationPreferenceServiceImplTest" time="0.117"/>
  <testcase name="missingPreferenceUsesCompatibleEnabledDefaultWithoutWritingDuringDelivery" classname="com.sunglassstore.service.CommunicationPreferenceServiceImplTest" time="0.004"/>
  <testcase name="getCreatesOneToOneDefaultsForTheAuthenticatedUser" classname="com.sunglassstore.service.CommunicationPreferenceServiceImplTest" time="0.003"/>
</testsuite>